2023-8-17 17:02:47-debug: asset-db:worker-init (1465ms)
2023-8-17 17:02:47-debug: Preimport db internal success
2023-8-17 17:02:47-debug: Preimport db assets success
2023-8-17 17:02:47-debug: asset-db:worker-effect-data-processing (199ms)
2023-8-17 17:02:52-debug: Set detail map pack:///resolution-detail-map.json: {}
2023-8-17 17:02:52-debug: Start up the 'internal' database...
2023-8-17 17:02:52-debug: asset-db:worker-init-script (59ms)
2023-8-17 17:02:52-debug: start asset-db with asset: 419
2023-8-17 17:02:52-debug: Start up the 'assets' database...
2023-8-17 17:02:52-debug: asset-db:worker-startup-database[internal] (5939ms)
2023-8-17 17:02:52-debug: start asset-db with asset: 59
2023-8-17 17:02:52-debug: Asset DB is ready!
2023-8-17 17:02:52-debug: asset-db:worker-startup-database[assets] (5632ms)
2023-8-17 17:02:52-debug: init worker message success
2023-8-17 17:02:55-debug: programming:execute-script (5ms)
2023-8-17 17:02:55-debug: builder:worker-init (2237ms)
2023-8-17 17:02:58-debug: programming:execute-script (4ms)
2023-8-17 17:03:06-debug: Query all assets info in project
2023-8-17 17:03:06-debug: BuildAssetLibrary query-assets with assets 542
2023-8-17 17:03:06-debug: init custom config: keepNodeUuid: false, useCache: true
2023-8-17 17:03:06-debug:   Number of all scenes: 2
2023-8-17 17:03:06-debug:   Number of all scripts: 18
2023-8-17 17:03:06-debug: 查询 Asset Bundle start0%
2023-8-17 17:03:06-debug:   Number of other assets: 379
2023-8-17 17:03:06-debug: // ---- build task 查询 Asset Bundle ----
2023-8-17 17:03:06-debug: Process: heapTotal 198.56MB heapUsed 187.52MB rss 514.12MB
2023-8-17 17:03:06-debug: run build task 查询 Asset Bundle success in 28 ms √3%
2023-8-17 17:03:06-debug: 查询使用的资源以及资源包配置 start3%
2023-8-17 17:03:06-debug: // ---- build task 查询使用的资源以及资源包配置 ----
2023-8-17 17:03:06-debug: // ---- build task 查询 Asset Bundle ---- (28ms)
2023-8-17 17:03:06-debug: Process: heapTotal 199.56MB heapUsed 187.91MB rss 516.68MB
2023-8-17 17:03:06-debug: init bundle assets
2023-8-17 17:03:06-debug: Query preload assets from cc.config.json: 60f7195c-ec2a-45eb-ba94-8955f60e81d0,1c02ae6f-4492-4915-b8f8-7492a3b1e4cd,810e96e4-e456-4468-9b59-f4e8f39732c0,efe8e2a3-eace-427b-b4f1-cb8a937ec77d,e9aa9a3e-5b2b-4ac7-a2c7-073de2b2b24f,8bbdbcdd-5cd4-4100-b6d5-b7c9625b6107,50f4348b-c883-4e2f-8f11-ce233b859fa1,fda095cb-831d-4601-ad94-846013963de8,f92806d7-1768-443f-afe8-12bcde84d0f0,dd3a144d-ab7f-41f0-82b8-2e43a090d496,f0416e68-0200-4b77-a926-4f9d16e494da,ff9be190-20a4-4e48-b68c-76e3c7cff085,970b0598-bcb0-4714-91fb-2e81440dccd8,bcd64cc6-2dd9-43f6-abbe-66318d332032,d930590d-bb92-4cc8-8bd1-23cd027f9edf,a3cd009f-0ab0-420d-9278-b9fdab939bbc,9361fd90-ba52-4f84-aa93-6e878fd576ca,c27215d8-6835-4b68-bfbb-bdeac6100c04,b5d6115f-0370-4d7c-aad3-c194cc71cf98,871c3b6c-7379-419d-bda3-794b239ab90d
2023-8-17 17:03:06-debug: Number of scenes: 2
2023-8-17 17:03:06-debug: // ---- build task 查询使用的资源以及资源包配置 ---- (19ms)
2023-8-17 17:03:06-debug: // ---- build task 整理脚本分组与脚本数据 ----
2023-8-17 17:03:06-debug: Process: heapTotal 199.56MB heapUsed 188.19MB rss 515.89MB
2023-8-17 17:03:06-debug: sort script group...
2023-8-17 17:03:06-debug: run build task 查询使用的资源以及资源包配置 success in 19 ms √7%
2023-8-17 17:03:06-debug: 整理脚本分组与脚本数据 start7%
2023-8-17 17:03:06-debug: // ---- build task 整理脚本分组与脚本数据 ---- (12ms)
2023-8-17 17:03:06-debug: run build task 整理脚本分组与脚本数据 success in 12 ms √10%
2023-8-17 17:03:06-debug: 初始化 settings.json 与 config.json start10%
2023-8-17 17:03:06-debug: // ---- build task 初始化 settings.json 与 config.json ----
2023-8-17 17:03:06-debug: Process: heapTotal 201.56MB heapUsed 187.61MB rss 516.02MB
2023-8-17 17:03:06-debug: // ---- build task 初始化 settings.json 与 config.json ---- (1ms)
2023-8-17 17:03:06-debug: run build task 初始化 settings.json 与 config.json success in 1 ms √11%
2023-8-17 17:03:06-debug: // ---- build task builder.tasks.settings.macro ----
2023-8-17 17:03:06-debug: builder.tasks.settings.macro 字段未在编辑器多语言内定义
2023-8-17 17:03:06-debug: builder.tasks.settings.macro start11%
2023-8-17 17:03:06-debug: Process: heapTotal 201.56MB heapUsed 187.65MB rss 516.03MB
2023-8-17 17:03:06-debug: // ---- build task builder.tasks.settings.macro ---- (1ms)
2023-8-17 17:03:06-debug: run build task builder.tasks.settings.macro success in 1 ms √11%
2023-8-17 17:03:06-debug: 整理部分构建选项内数据到 settings.json start11%
2023-8-17 17:03:06-debug: // ---- build task 整理部分构建选项内数据到 settings.json ----
2023-8-17 17:03:06-debug: Process: heapTotal 201.56MB heapUsed 187.69MB rss 516.04MB
2023-8-17 17:03:06-debug: // ---- build task 整理部分构建选项内数据到 settings.json ---- (2ms)
2023-8-17 17:03:06-debug: run build task 整理部分构建选项内数据到 settings.json success in 2 ms √12%
2023-8-17 17:03:06-debug: custom joint texture layouts start12%
2023-8-17 17:03:06-debug: // ---- build task custom joint texture layouts ----
2023-8-17 17:03:06-debug: Process: heapTotal 201.56MB heapUsed 187.76MB rss 516.04MB
2023-8-17 17:03:06-debug: // ---- build task custom joint texture layouts ---- (2ms)
2023-8-17 17:03:06-debug: run build task custom joint texture layouts success in 2 ms √12%
2023-8-17 17:03:06-debug: // ---- build task custom joint physics ----
2023-8-17 17:03:06-debug: custom joint physics start12%
2023-8-17 17:03:06-debug: Process: heapTotal 201.56MB heapUsed 187.79MB rss 516.04MB
2023-8-17 17:03:06-debug: // ---- build task custom joint physics ---- (1ms)
2023-8-17 17:03:06-debug: // ---- build task 填充脚本数据到 settings.json ----
2023-8-17 17:03:06-debug: run build task custom joint physics success in 1 ms √13%
2023-8-17 17:03:06-debug: 填充脚本数据到 settings.json start13%
2023-8-17 17:03:06-debug: Process: heapTotal 201.56MB heapUsed 187.82MB rss 516.05MB
2023-8-17 17:03:06-debug: // ---- build task 填充脚本数据到 settings.json ---- (4ms)
2023-8-17 17:03:06-debug: run build task 填充脚本数据到 settings.json success in 4 ms √13%
2023-8-17 17:03:06-debug: 填充场景数据到 settings.json start13%
2023-8-17 17:03:06-debug: Process: heapTotal 201.56MB heapUsed 187.84MB rss 516.05MB
2023-8-17 17:03:06-debug: // ---- build task 填充场景数据到 settings.json ----
2023-8-17 17:03:06-debug: // ---- build task 填充场景数据到 settings.json ---- (1ms)
2023-8-17 17:03:06-debug: run build task 填充场景数据到 settings.json success in 1 ms √14%
2023-8-17 17:03:06-debug: 整理资源分组，生成 packedAssets 以及 rawAssets 数据 start14%
2023-8-17 17:03:06-debug: // ---- build task 整理资源分组，生成 packedAssets 以及 rawAssets 数据 ----
2023-8-17 17:03:06-debug: Process: heapTotal 201.56MB heapUsed 187.88MB rss 516.07MB
2023-8-17 17:03:06-debug: // ---- build task 整理资源分组，生成 packedAssets 以及 rawAssets 数据 ---- (5ms)
2023-8-17 17:03:06-debug: run build task 整理资源分组，生成 packedAssets 以及 rawAssets 数据 success in 5 ms √14%
2023-8-17 17:03:06-debug: // ---- build task 从 suffixMap 生成 md5AssetsMap 到 settings.json ----
2023-8-17 17:03:06-debug: 从 suffixMap 生成 md5AssetsMap 到 settings.json start14%
2023-8-17 17:03:06-debug: Process: heapTotal 201.56MB heapUsed 187.94MB rss 516.08MB
2023-8-17 17:03:06-debug: options.md5Cache is false.
2023-8-17 17:03:06-debug: run build task 从 suffixMap 生成 md5AssetsMap 到 settings.json success in 2 ms √15%
2023-8-17 17:03:06-debug: // ---- build task 从 suffixMap 生成 md5AssetsMap 到 settings.json ---- (2ms)
2023-8-17 17:03:21-debug: refresh db internal success
2023-8-17 17:03:21-debug: asset-db:worker-effect-data-processing (227ms)
2023-8-17 17:03:21-debug: refresh db assets success
2023-8-17 17:03:21-debug: asset-db:refresh-all-database (362ms)
2023-8-17 17:03:36-debug: refresh db internal success
2023-8-17 17:03:36-debug: asset-db:worker-effect-data-processing (227ms)
2023-8-17 17:03:36-debug: %cImport%c: F:\oldCode\PinkMCat\assets\src\View\AnimalItem.tsbackground: #aaff85; color: #000;color: #000;
2023-8-17 17:03:36-debug: refresh db assets success
2023-8-17 17:03:36-debug: asset-db:refresh-all-database (351ms)
2023-8-17 17:03:38-debug: Query all assets info in project
2023-8-17 17:03:38-debug: BuildAssetLibrary query-assets with assets 542
2023-8-17 17:03:38-debug: init custom config: keepNodeUuid: false, useCache: true
2023-8-17 17:03:38-debug:   Number of all scenes: 2
2023-8-17 17:03:38-debug:   Number of all scripts: 18
2023-8-17 17:03:38-debug:   Number of other assets: 379
2023-8-17 17:03:38-debug: 查询 Asset Bundle start0%
2023-8-17 17:03:38-debug: // ---- build task 查询 Asset Bundle ----
2023-8-17 17:03:38-debug: Process: heapTotal 217.66MB heapUsed 192.05MB rss 534.83MB
2023-8-17 17:03:38-debug: // ---- build task 查询 Asset Bundle ---- (12ms)
2023-8-17 17:03:38-debug: run build task 查询 Asset Bundle success in 12 ms √3%
2023-8-17 17:03:38-debug: 查询使用的资源以及资源包配置 start3%
2023-8-17 17:03:38-debug: // ---- build task 查询使用的资源以及资源包配置 ----
2023-8-17 17:03:38-debug: Process: heapTotal 217.66MB heapUsed 193.85MB rss 536.28MB
2023-8-17 17:03:38-debug: init bundle assets
2023-8-17 17:03:38-debug: Query preload assets from cc.config.json: 60f7195c-ec2a-45eb-ba94-8955f60e81d0,1c02ae6f-4492-4915-b8f8-7492a3b1e4cd,810e96e4-e456-4468-9b59-f4e8f39732c0,efe8e2a3-eace-427b-b4f1-cb8a937ec77d,e9aa9a3e-5b2b-4ac7-a2c7-073de2b2b24f,8bbdbcdd-5cd4-4100-b6d5-b7c9625b6107,50f4348b-c883-4e2f-8f11-ce233b859fa1,fda095cb-831d-4601-ad94-846013963de8,f92806d7-1768-443f-afe8-12bcde84d0f0,dd3a144d-ab7f-41f0-82b8-2e43a090d496,f0416e68-0200-4b77-a926-4f9d16e494da,ff9be190-20a4-4e48-b68c-76e3c7cff085,970b0598-bcb0-4714-91fb-2e81440dccd8,bcd64cc6-2dd9-43f6-abbe-66318d332032,d930590d-bb92-4cc8-8bd1-23cd027f9edf,a3cd009f-0ab0-420d-9278-b9fdab939bbc,9361fd90-ba52-4f84-aa93-6e878fd576ca,c27215d8-6835-4b68-bfbb-bdeac6100c04,b5d6115f-0370-4d7c-aad3-c194cc71cf98,871c3b6c-7379-419d-bda3-794b239ab90d
2023-8-17 17:03:38-debug: Number of scenes: 2
2023-8-17 17:03:38-debug: // ---- build task 查询使用的资源以及资源包配置 ---- (10ms)
2023-8-17 17:03:38-debug: run build task 查询使用的资源以及资源包配置 success in 10 ms √7%
2023-8-17 17:03:38-debug: // ---- build task 整理脚本分组与脚本数据 ----
2023-8-17 17:03:38-debug: Process: heapTotal 217.66MB heapUsed 194.04MB rss 537.05MB
2023-8-17 17:03:38-debug: 整理脚本分组与脚本数据 start7%
2023-8-17 17:03:38-debug: // ---- build task 整理脚本分组与脚本数据 ---- (2ms)
2023-8-17 17:03:38-debug: run build task 整理脚本分组与脚本数据 success in 2 ms √10%
2023-8-17 17:03:38-debug: 初始化 settings.json 与 config.json start10%
2023-8-17 17:03:38-debug: // ---- build task 初始化 settings.json 与 config.json ----
2023-8-17 17:03:38-debug: sort script group...
2023-8-17 17:03:38-debug: Process: heapTotal 217.66MB heapUsed 194.08MB rss 537.75MB
2023-8-17 17:03:38-debug: // ---- build task 初始化 settings.json 与 config.json ---- (1ms)
2023-8-17 17:03:38-debug: run build task 初始化 settings.json 与 config.json success in 1 ms √11%
2023-8-17 17:03:38-debug: builder.tasks.settings.macro 字段未在编辑器多语言内定义
2023-8-17 17:03:38-debug: builder.tasks.settings.macro start11%
2023-8-17 17:03:38-debug: // ---- build task builder.tasks.settings.macro ----
2023-8-17 17:03:38-debug: Process: heapTotal 217.66MB heapUsed 194.30MB rss 535.20MB
2023-8-17 17:03:38-debug: // ---- build task builder.tasks.settings.macro ---- (6ms)
2023-8-17 17:03:38-debug: run build task builder.tasks.settings.macro success in 6 ms √11%
2023-8-17 17:03:38-debug: 整理部分构建选项内数据到 settings.json start11%
2023-8-17 17:03:38-debug: // ---- build task 整理部分构建选项内数据到 settings.json ----
2023-8-17 17:03:38-debug: Process: heapTotal 217.66MB heapUsed 194.34MB rss 535.21MB
2023-8-17 17:03:38-debug: // ---- build task 整理部分构建选项内数据到 settings.json ---- (14ms)
2023-8-17 17:03:38-debug: custom joint texture layouts start12%
2023-8-17 17:03:38-debug: run build task 整理部分构建选项内数据到 settings.json success in 14 ms √12%
2023-8-17 17:03:38-debug: // ---- build task custom joint texture layouts ----
2023-8-17 17:03:38-debug: Process: heapTotal 217.66MB heapUsed 194.41MB rss 535.21MB
2023-8-17 17:03:38-debug: // ---- build task custom joint texture layouts ---- (2ms)
2023-8-17 17:03:38-debug: run build task custom joint texture layouts success in 2 ms √12%
2023-8-17 17:03:38-debug: custom joint physics start12%
2023-8-17 17:03:38-debug: // ---- build task custom joint physics ----
2023-8-17 17:03:38-debug: Process: heapTotal 217.66MB heapUsed 194.44MB rss 535.21MB
2023-8-17 17:03:38-debug: // ---- build task custom joint physics ---- (6ms)
2023-8-17 17:03:38-debug: 填充脚本数据到 settings.json start13%
2023-8-17 17:03:38-debug: Process: heapTotal 217.66MB heapUsed 194.47MB rss 535.22MB
2023-8-17 17:03:38-debug: run build task custom joint physics success in 6 ms √13%
2023-8-17 17:03:38-debug: // ---- build task 填充脚本数据到 settings.json ----
2023-8-17 17:03:38-debug: run build task 填充脚本数据到 settings.json success in 1 ms √13%
2023-8-17 17:03:38-debug: // ---- build task 填充脚本数据到 settings.json ---- (1ms)
2023-8-17 17:03:38-debug: 填充场景数据到 settings.json start13%
2023-8-17 17:03:38-debug: // ---- build task 填充场景数据到 settings.json ----
2023-8-17 17:03:38-debug: Process: heapTotal 217.66MB heapUsed 194.50MB rss 535.22MB
2023-8-17 17:03:38-debug: // ---- build task 填充场景数据到 settings.json ---- (1ms)
2023-8-17 17:03:38-debug: 整理资源分组，生成 packedAssets 以及 rawAssets 数据 start14%
2023-8-17 17:03:38-debug: // ---- build task 整理资源分组，生成 packedAssets 以及 rawAssets 数据 ----
2023-8-17 17:03:38-debug: Process: heapTotal 217.66MB heapUsed 194.53MB rss 535.23MB
2023-8-17 17:03:38-debug: run build task 填充场景数据到 settings.json success in 1 ms √14%
2023-8-17 17:03:38-debug: // ---- build task 整理资源分组，生成 packedAssets 以及 rawAssets 数据 ---- (1ms)
2023-8-17 17:03:38-debug: run build task 整理资源分组，生成 packedAssets 以及 rawAssets 数据 success in 1 ms √14%
2023-8-17 17:03:38-debug: 从 suffixMap 生成 md5AssetsMap 到 settings.json start14%
2023-8-17 17:03:38-debug: // ---- build task 从 suffixMap 生成 md5AssetsMap 到 settings.json ----
2023-8-17 17:03:38-debug: Process: heapTotal 217.66MB heapUsed 194.59MB rss 535.23MB
2023-8-17 17:03:38-debug: options.md5Cache is false.
2023-8-17 17:03:38-debug: // ---- build task 从 suffixMap 生成 md5AssetsMap 到 settings.json ---- (2ms)
2023-8-17 17:03:38-debug: run build task 从 suffixMap 生成 md5AssetsMap 到 settings.json success in 2 ms √15%
2023-8-17 17:05:04-debug: refresh db internal success
2023-8-17 17:05:05-debug: asset-db:worker-effect-data-processing (258ms)
2023-8-17 17:05:05-debug: refresh db assets success
2023-8-17 17:05:05-debug: asset-db:refresh-all-database (383ms)
2023-8-17 17:05:12-debug: refresh db internal success
2023-8-17 17:05:13-debug: asset-db:worker-effect-data-processing (169ms)
2023-8-17 17:05:13-debug: %cImport%c: F:\oldCode\PinkMCat\assets\src\View\AnimalItem.tsbackground: #aaff85; color: #000;color: #000;
2023-8-17 17:05:13-debug: refresh db assets success
2023-8-17 17:05:13-debug: asset-db:refresh-all-database (290ms)
2023-8-17 17:05:14-debug: Query all assets info in project
2023-8-17 17:05:14-debug: BuildAssetLibrary query-assets with assets 542
2023-8-17 17:05:14-debug: init custom config: keepNodeUuid: false, useCache: true
2023-8-17 17:05:14-debug:   Number of all scenes: 2
2023-8-17 17:05:14-debug:   Number of all scripts: 18
2023-8-17 17:05:14-debug:   Number of other assets: 379
2023-8-17 17:05:14-debug: 查询 Asset Bundle start0%
2023-8-17 17:05:14-debug: // ---- build task 查询 Asset Bundle ----
2023-8-17 17:05:14-debug: Process: heapTotal 224.70MB heapUsed 201.37MB rss 544.41MB
2023-8-17 17:05:14-debug: // ---- build task 查询 Asset Bundle ---- (9ms)
2023-8-17 17:05:14-debug: run build task 查询 Asset Bundle success in 9 ms √3%
2023-8-17 17:05:14-debug: 查询使用的资源以及资源包配置 start3%
2023-8-17 17:05:14-debug: // ---- build task 查询使用的资源以及资源包配置 ----
2023-8-17 17:05:14-debug: Process: heapTotal 224.70MB heapUsed 203.12MB rss 544.89MB
2023-8-17 17:05:14-debug: init bundle assets
2023-8-17 17:05:14-debug: Query preload assets from cc.config.json: 60f7195c-ec2a-45eb-ba94-8955f60e81d0,1c02ae6f-4492-4915-b8f8-7492a3b1e4cd,810e96e4-e456-4468-9b59-f4e8f39732c0,efe8e2a3-eace-427b-b4f1-cb8a937ec77d,e9aa9a3e-5b2b-4ac7-a2c7-073de2b2b24f,8bbdbcdd-5cd4-4100-b6d5-b7c9625b6107,50f4348b-c883-4e2f-8f11-ce233b859fa1,fda095cb-831d-4601-ad94-846013963de8,f92806d7-1768-443f-afe8-12bcde84d0f0,dd3a144d-ab7f-41f0-82b8-2e43a090d496,f0416e68-0200-4b77-a926-4f9d16e494da,ff9be190-20a4-4e48-b68c-76e3c7cff085,970b0598-bcb0-4714-91fb-2e81440dccd8,bcd64cc6-2dd9-43f6-abbe-66318d332032,d930590d-bb92-4cc8-8bd1-23cd027f9edf,a3cd009f-0ab0-420d-9278-b9fdab939bbc,9361fd90-ba52-4f84-aa93-6e878fd576ca,c27215d8-6835-4b68-bfbb-bdeac6100c04,b5d6115f-0370-4d7c-aad3-c194cc71cf98,871c3b6c-7379-419d-bda3-794b239ab90d
2023-8-17 17:05:14-debug: Number of scenes: 2
2023-8-17 17:05:14-debug: run build task 查询使用的资源以及资源包配置 success in 6 ms √7%
2023-8-17 17:05:14-debug: 整理脚本分组与脚本数据 start7%
2023-8-17 17:05:14-debug: // ---- build task 整理脚本分组与脚本数据 ----
2023-8-17 17:05:14-debug: Process: heapTotal 224.70MB heapUsed 203.31MB rss 545.91MB
2023-8-17 17:05:14-debug: sort script group...
2023-8-17 17:05:14-debug: // ---- build task 查询使用的资源以及资源包配置 ---- (6ms)
2023-8-17 17:05:14-debug: // ---- build task 整理脚本分组与脚本数据 ---- (1ms)
2023-8-17 17:05:14-debug: run build task 整理脚本分组与脚本数据 success in 1 ms √10%
2023-8-17 17:05:14-debug: 初始化 settings.json 与 config.json start10%
2023-8-17 17:05:15-debug: // ---- build task 初始化 settings.json 与 config.json ----
2023-8-17 17:05:15-debug: Process: heapTotal 224.70MB heapUsed 203.34MB rss 544.18MB
2023-8-17 17:05:15-debug: // ---- build task 初始化 settings.json 与 config.json ---- (5ms)
2023-8-17 17:05:15-debug: builder.tasks.settings.macro start11%
2023-8-17 17:05:15-debug: // ---- build task builder.tasks.settings.macro ----
2023-8-17 17:05:15-debug: builder.tasks.settings.macro 字段未在编辑器多语言内定义
2023-8-17 17:05:15-debug: run build task 初始化 settings.json 与 config.json success in 5 ms √11%
2023-8-17 17:05:15-debug: Process: heapTotal 223.91MB heapUsed 196.98MB rss 543.00MB
2023-8-17 17:05:15-debug: // ---- build task builder.tasks.settings.macro ---- (3ms)
2023-8-17 17:05:15-debug: run build task builder.tasks.settings.macro success in 3 ms √11%
2023-8-17 17:05:15-debug: 整理部分构建选项内数据到 settings.json start11%
2023-8-17 17:05:15-debug: // ---- build task 整理部分构建选项内数据到 settings.json ----
2023-8-17 17:05:15-debug: Process: heapTotal 223.91MB heapUsed 197.02MB rss 543.00MB
2023-8-17 17:05:15-debug: // ---- build task 整理部分构建选项内数据到 settings.json ---- (5ms)
2023-8-17 17:05:15-debug: run build task 整理部分构建选项内数据到 settings.json success in 5 ms √12%
2023-8-17 17:05:15-debug: custom joint texture layouts start12%
2023-8-17 17:05:15-debug: // ---- build task custom joint texture layouts ----
2023-8-17 17:05:15-debug: Process: heapTotal 223.91MB heapUsed 197.10MB rss 542.96MB
2023-8-17 17:05:15-debug: // ---- build task custom joint texture layouts ---- (1ms)
2023-8-17 17:05:15-debug: run build task custom joint texture layouts success in 1 ms √12%
2023-8-17 17:05:15-debug: custom joint physics start12%
2023-8-17 17:05:15-debug: // ---- build task custom joint physics ----
2023-8-17 17:05:15-debug: Process: heapTotal 223.91MB heapUsed 197.13MB rss 542.96MB
2023-8-17 17:05:15-debug: // ---- build task custom joint physics ---- (1ms)
2023-8-17 17:05:15-debug: run build task custom joint physics success in 1 ms √13%
2023-8-17 17:05:15-debug: 填充脚本数据到 settings.json start13%
2023-8-17 17:05:15-debug: // ---- build task 填充脚本数据到 settings.json ----
2023-8-17 17:05:15-debug: Process: heapTotal 223.91MB heapUsed 197.16MB rss 542.97MB
2023-8-17 17:05:15-debug: // ---- build task 填充脚本数据到 settings.json ---- (1ms)
2023-8-17 17:05:15-debug: run build task 填充脚本数据到 settings.json success in 1 ms √13%
2023-8-17 17:05:15-debug: 填充场景数据到 settings.json start13%
2023-8-17 17:05:15-debug: // ---- build task 填充场景数据到 settings.json ----
2023-8-17 17:05:15-debug: Process: heapTotal 223.91MB heapUsed 197.18MB rss 542.97MB
2023-8-17 17:05:15-debug: run build task 填充场景数据到 settings.json success in 2 ms √14%
2023-8-17 17:05:15-debug: // ---- build task 整理资源分组，生成 packedAssets 以及 rawAssets 数据 ----
2023-8-17 17:05:15-debug: Process: heapTotal 223.91MB heapUsed 197.21MB rss 542.97MB
2023-8-17 17:05:15-debug: // ---- build task 整理资源分组，生成 packedAssets 以及 rawAssets 数据 ---- (5ms)
2023-8-17 17:05:15-debug: run build task 整理资源分组，生成 packedAssets 以及 rawAssets 数据 success in 5 ms √14%
2023-8-17 17:05:15-debug: 从 suffixMap 生成 md5AssetsMap 到 settings.json start14%
2023-8-17 17:05:15-debug: // ---- build task 从 suffixMap 生成 md5AssetsMap 到 settings.json ----
2023-8-17 17:05:15-debug: Process: heapTotal 223.91MB heapUsed 197.28MB rss 542.98MB
2023-8-17 17:05:15-debug: options.md5Cache is false.
2023-8-17 17:05:15-debug: // ---- build task 填充场景数据到 settings.json ---- (2ms)
2023-8-17 17:05:15-debug: 整理资源分组，生成 packedAssets 以及 rawAssets 数据 start14%
2023-8-17 17:05:15-debug: // ---- build task 从 suffixMap 生成 md5AssetsMap 到 settings.json ---- (1ms)
2023-8-17 17:05:15-debug: run build task 从 suffixMap 生成 md5AssetsMap 到 settings.json success in 1 ms √15%
2023-8-17 17:05:31-debug: refresh db internal success
2023-8-17 17:05:32-debug: asset-db:worker-effect-data-processing (204ms)
2023-8-17 17:05:32-debug: refresh db assets success
2023-8-17 17:05:32-debug: asset-db:refresh-all-database (337ms)
2023-8-17 17:05:52-debug: refresh db internal success
2023-8-17 17:05:52-debug: asset-db:worker-effect-data-processing (221ms)
2023-8-17 17:05:52-debug: refresh db assets success
2023-8-17 17:05:52-debug: asset-db:refresh-all-database (340ms)
2023-8-17 17:08:23-debug: refresh db internal success
2023-8-17 17:08:23-debug: asset-db:worker-effect-data-processing (255ms)
2023-8-17 17:08:23-debug: %cImport%c: F:\oldCode\PinkMCat\assets\src\View\AnimalItem.tsbackground: #aaff85; color: #000;color: #000;
2023-8-17 17:08:23-debug: refresh db assets success
2023-8-17 17:08:23-debug: asset-db:refresh-all-database (399ms)
2023-8-17 17:08:24-debug: start refresh asset from F:\oldCode\PinkMCat\assets\play.scene...
2023-8-17 17:08:24-debug: %cImport%c: F:\oldCode\PinkMCat\assets\play.scenebackground: #aaff85; color: #000;color: #000;
2023-8-17 17:08:24-debug: refresh asset F:\oldCode\PinkMCat\assets success
2023-8-17 17:08:31-debug: refresh db internal success
2023-8-17 17:08:31-debug: asset-db:worker-effect-data-processing (186ms)
2023-8-17 17:08:31-debug: %cImport%c: F:\oldCode\PinkMCat\assets\src\View\AnimalItem.tsbackground: #aaff85; color: #000;color: #000;
2023-8-17 17:08:31-debug: refresh db assets success
2023-8-17 17:08:31-debug: asset-db:refresh-all-database (323ms)
2023-8-17 17:08:33-debug: Query all assets info in project
2023-8-17 17:08:33-debug: BuildAssetLibrary query-assets with assets 542
2023-8-17 17:08:33-debug: init custom config: keepNodeUuid: false, useCache: true
2023-8-17 17:08:33-debug:   Number of all scenes: 2
2023-8-17 17:08:33-debug:   Number of all scripts: 18
2023-8-17 17:08:33-debug:   Number of other assets: 379
2023-8-17 17:08:33-debug: 查询 Asset Bundle start0%
2023-8-17 17:08:33-debug: // ---- build task 查询 Asset Bundle ----
2023-8-17 17:08:33-debug: Process: heapTotal 221.92MB heapUsed 195.94MB rss 540.12MB
2023-8-17 17:08:33-debug: // ---- build task 查询 Asset Bundle ---- (11ms)
2023-8-17 17:08:33-debug: run build task 查询 Asset Bundle success in 11 ms √3%
2023-8-17 17:08:33-debug: 查询使用的资源以及资源包配置 start3%
2023-8-17 17:08:33-debug: // ---- build task 查询使用的资源以及资源包配置 ----
2023-8-17 17:08:33-debug: Process: heapTotal 221.92MB heapUsed 197.69MB rss 540.13MB
2023-8-17 17:08:33-debug: init bundle assets
2023-8-17 17:08:33-debug: Query preload assets from cc.config.json: 60f7195c-ec2a-45eb-ba94-8955f60e81d0,1c02ae6f-4492-4915-b8f8-7492a3b1e4cd,810e96e4-e456-4468-9b59-f4e8f39732c0,efe8e2a3-eace-427b-b4f1-cb8a937ec77d,e9aa9a3e-5b2b-4ac7-a2c7-073de2b2b24f,8bbdbcdd-5cd4-4100-b6d5-b7c9625b6107,50f4348b-c883-4e2f-8f11-ce233b859fa1,fda095cb-831d-4601-ad94-846013963de8,f92806d7-1768-443f-afe8-12bcde84d0f0,dd3a144d-ab7f-41f0-82b8-2e43a090d496,f0416e68-0200-4b77-a926-4f9d16e494da,ff9be190-20a4-4e48-b68c-76e3c7cff085,970b0598-bcb0-4714-91fb-2e81440dccd8,bcd64cc6-2dd9-43f6-abbe-66318d332032,d930590d-bb92-4cc8-8bd1-23cd027f9edf,a3cd009f-0ab0-420d-9278-b9fdab939bbc,9361fd90-ba52-4f84-aa93-6e878fd576ca,c27215d8-6835-4b68-bfbb-bdeac6100c04,b5d6115f-0370-4d7c-aad3-c194cc71cf98,871c3b6c-7379-419d-bda3-794b239ab90d
2023-8-17 17:08:33-debug: Number of scenes: 2
2023-8-17 17:08:33-debug: // ---- build task 查询使用的资源以及资源包配置 ---- (7ms)
2023-8-17 17:08:33-debug: run build task 查询使用的资源以及资源包配置 success in 7 ms √7%
2023-8-17 17:08:33-debug: 整理脚本分组与脚本数据 start7%
2023-8-17 17:08:33-debug: // ---- build task 整理脚本分组与脚本数据 ----
2023-8-17 17:08:33-debug: Process: heapTotal 221.92MB heapUsed 197.87MB rss 540.16MB
2023-8-17 17:08:33-debug: sort script group...
2023-8-17 17:08:33-debug: // ---- build task 整理脚本分组与脚本数据 ---- (2ms)
2023-8-17 17:08:33-debug: run build task 整理脚本分组与脚本数据 success in 2 ms √10%
2023-8-17 17:08:33-debug: 初始化 settings.json 与 config.json start10%
2023-8-17 17:08:33-debug: // ---- build task 初始化 settings.json 与 config.json ----
2023-8-17 17:08:33-debug: Process: heapTotal 221.92MB heapUsed 197.91MB rss 540.17MB
2023-8-17 17:08:33-debug: // ---- build task 初始化 settings.json 与 config.json ---- (2ms)
2023-8-17 17:08:33-debug: run build task 初始化 settings.json 与 config.json success in 2 ms √11%
2023-8-17 17:08:33-debug: builder.tasks.settings.macro 字段未在编辑器多语言内定义
2023-8-17 17:08:33-debug: builder.tasks.settings.macro start11%
2023-8-17 17:08:33-debug: // ---- build task builder.tasks.settings.macro ----
2023-8-17 17:08:33-debug: Process: heapTotal 221.92MB heapUsed 197.95MB rss 540.17MB
2023-8-17 17:08:33-debug: // ---- build task builder.tasks.settings.macro ---- (2ms)
2023-8-17 17:08:33-debug: run build task builder.tasks.settings.macro success in 2 ms √11%
2023-8-17 17:08:33-debug: 整理部分构建选项内数据到 settings.json start11%
2023-8-17 17:08:33-debug: // ---- build task 整理部分构建选项内数据到 settings.json ----
2023-8-17 17:08:33-debug: Process: heapTotal 221.92MB heapUsed 197.99MB rss 540.17MB
2023-8-17 17:08:33-debug: // ---- build task 整理部分构建选项内数据到 settings.json ---- (2ms)
2023-8-17 17:08:33-debug: run build task 整理部分构建选项内数据到 settings.json success in 2 ms √12%
2023-8-17 17:08:33-debug: custom joint texture layouts start12%
2023-8-17 17:08:33-debug: // ---- build task custom joint texture layouts ----
2023-8-17 17:08:33-debug: Process: heapTotal 221.92MB heapUsed 198.06MB rss 540.22MB
2023-8-17 17:08:33-debug: // ---- build task custom joint texture layouts ---- (2ms)
2023-8-17 17:08:33-debug: run build task custom joint texture layouts success in 2 ms √12%
2023-8-17 17:08:33-debug: custom joint physics start12%
2023-8-17 17:08:33-debug: // ---- build task custom joint physics ----
2023-8-17 17:08:33-debug: Process: heapTotal 221.92MB heapUsed 198.09MB rss 540.23MB
2023-8-17 17:08:33-debug: // ---- build task custom joint physics ---- (2ms)
2023-8-17 17:08:33-debug: run build task custom joint physics success in 2 ms √13%
2023-8-17 17:08:33-debug: 填充脚本数据到 settings.json start13%
2023-8-17 17:08:33-debug: Process: heapTotal 221.92MB heapUsed 198.11MB rss 540.23MB
2023-8-17 17:08:33-debug: // ---- build task 填充脚本数据到 settings.json ---- (1ms)
2023-8-17 17:08:33-debug: run build task 填充脚本数据到 settings.json success in 1 ms √13%
2023-8-17 17:08:33-debug: 填充场景数据到 settings.json start13%
2023-8-17 17:08:33-debug: // ---- build task 填充场景数据到 settings.json ----
2023-8-17 17:08:33-debug: // ---- build task 填充脚本数据到 settings.json ----
2023-8-17 17:08:33-debug: Process: heapTotal 221.92MB heapUsed 198.14MB rss 540.23MB
2023-8-17 17:08:33-debug: // ---- build task 填充场景数据到 settings.json ---- (2ms)
2023-8-17 17:08:33-debug: run build task 填充场景数据到 settings.json success in 2 ms √14%
2023-8-17 17:08:33-debug: 整理资源分组，生成 packedAssets 以及 rawAssets 数据 start14%
2023-8-17 17:08:33-debug: // ---- build task 整理资源分组，生成 packedAssets 以及 rawAssets 数据 ----
2023-8-17 17:08:33-debug: Process: heapTotal 221.92MB heapUsed 198.17MB rss 540.25MB
2023-8-17 17:08:33-debug: // ---- build task 整理资源分组，生成 packedAssets 以及 rawAssets 数据 ---- (2ms)
2023-8-17 17:08:33-debug: 从 suffixMap 生成 md5AssetsMap 到 settings.json start14%
2023-8-17 17:08:33-debug: run build task 整理资源分组，生成 packedAssets 以及 rawAssets 数据 success in 2 ms √14%
2023-8-17 17:08:33-debug: // ---- build task 从 suffixMap 生成 md5AssetsMap 到 settings.json ----
2023-8-17 17:08:33-debug: Process: heapTotal 221.92MB heapUsed 198.24MB rss 540.25MB
2023-8-17 17:08:33-debug: options.md5Cache is false.
2023-8-17 17:08:33-debug: // ---- build task 从 suffixMap 生成 md5AssetsMap 到 settings.json ---- (2ms)
2023-8-17 17:08:33-debug: run build task 从 suffixMap 生成 md5AssetsMap 到 settings.json success in 2 ms √15%
2023-8-17 17:08:58-debug: refresh db internal success
2023-8-17 17:08:58-debug: asset-db:worker-effect-data-processing (216ms)
2023-8-17 17:08:58-debug: %cImport%c: F:\oldCode\PinkMCat\assets\src\View\AnimalItem.tsbackground: #aaff85; color: #000;color: #000;
2023-8-17 17:08:58-debug: refresh db assets success
2023-8-17 17:08:58-debug: asset-db:refresh-all-database (332ms)
2023-8-17 17:09:08-debug: refresh db internal success
2023-8-17 17:09:08-debug: asset-db:worker-effect-data-processing (209ms)
2023-8-17 17:09:08-debug: %cImport%c: F:\oldCode\PinkMCat\assets\src\View\AnimalItem.tsbackground: #aaff85; color: #000;color: #000;
2023-8-17 17:09:08-debug: refresh db assets success
2023-8-17 17:09:08-debug: asset-db:refresh-all-database (343ms)
2023-8-17 17:09:24-debug: refresh db internal success
2023-8-17 17:09:24-debug: asset-db:worker-effect-data-processing (224ms)
2023-8-17 17:09:24-debug: refresh db assets success
2023-8-17 17:09:24-debug: asset-db:refresh-all-database (340ms)
2023-8-17 17:09:39-debug: refresh db internal success
2023-8-17 17:09:39-debug: asset-db:worker-effect-data-processing (213ms)
2023-8-17 17:09:39-debug: %cImport%c: F:\oldCode\PinkMCat\assets\src\View\AnimalItem.tsbackground: #aaff85; color: #000;color: #000;
2023-8-17 17:09:39-debug: refresh db assets success
2023-8-17 17:09:39-debug: asset-db:refresh-all-database (323ms)
2023-8-17 17:09:41-debug: Query all assets info in project
2023-8-17 17:09:41-debug: BuildAssetLibrary query-assets with assets 542
2023-8-17 17:09:41-debug: init custom config: keepNodeUuid: false, useCache: true
2023-8-17 17:09:41-debug:   Number of other assets: 379
2023-8-17 17:09:41-debug: 查询 Asset Bundle start0%
2023-8-17 17:09:41-debug: // ---- build task 查询 Asset Bundle ----
2023-8-17 17:09:41-debug: Process: heapTotal 229.16MB heapUsed 205.42MB rss 549.57MB
2023-8-17 17:09:41-debug:   Number of all scenes: 2
2023-8-17 17:09:41-debug:   Number of all scripts: 18
2023-8-17 17:09:41-debug: // ---- build task 查询 Asset Bundle ---- (14ms)
2023-8-17 17:09:41-debug: run build task 查询 Asset Bundle success in 14 ms √3%
2023-8-17 17:09:41-debug: // ---- build task 查询使用的资源以及资源包配置 ----
2023-8-17 17:09:41-debug: 查询使用的资源以及资源包配置 start3%
2023-8-17 17:09:41-debug: Process: heapTotal 226.93MB heapUsed 199.11MB rss 543.75MB
2023-8-17 17:09:41-debug: init bundle assets
2023-8-17 17:09:41-debug: Query preload assets from cc.config.json: 60f7195c-ec2a-45eb-ba94-8955f60e81d0,1c02ae6f-4492-4915-b8f8-7492a3b1e4cd,810e96e4-e456-4468-9b59-f4e8f39732c0,efe8e2a3-eace-427b-b4f1-cb8a937ec77d,e9aa9a3e-5b2b-4ac7-a2c7-073de2b2b24f,8bbdbcdd-5cd4-4100-b6d5-b7c9625b6107,50f4348b-c883-4e2f-8f11-ce233b859fa1,fda095cb-831d-4601-ad94-846013963de8,f92806d7-1768-443f-afe8-12bcde84d0f0,dd3a144d-ab7f-41f0-82b8-2e43a090d496,f0416e68-0200-4b77-a926-4f9d16e494da,ff9be190-20a4-4e48-b68c-76e3c7cff085,970b0598-bcb0-4714-91fb-2e81440dccd8,bcd64cc6-2dd9-43f6-abbe-66318d332032,d930590d-bb92-4cc8-8bd1-23cd027f9edf,a3cd009f-0ab0-420d-9278-b9fdab939bbc,9361fd90-ba52-4f84-aa93-6e878fd576ca,c27215d8-6835-4b68-bfbb-bdeac6100c04,b5d6115f-0370-4d7c-aad3-c194cc71cf98,871c3b6c-7379-419d-bda3-794b239ab90d
2023-8-17 17:09:41-debug: Number of scenes: 2
2023-8-17 17:09:41-debug: // ---- build task 查询使用的资源以及资源包配置 ---- (10ms)
2023-8-17 17:09:41-debug: run build task 查询使用的资源以及资源包配置 success in 10 ms √7%
2023-8-17 17:09:41-debug: 整理脚本分组与脚本数据 start7%
2023-8-17 17:09:41-debug: // ---- build task 整理脚本分组与脚本数据 ----
2023-8-17 17:09:41-debug: Process: heapTotal 226.93MB heapUsed 199.30MB rss 543.79MB
2023-8-17 17:09:41-debug: sort script group...
2023-8-17 17:09:41-debug: // ---- build task 整理脚本分组与脚本数据 ---- (1ms)
2023-8-17 17:09:41-debug: 初始化 settings.json 与 config.json start10%
2023-8-17 17:09:41-debug: // ---- build task 初始化 settings.json 与 config.json ----
2023-8-17 17:09:41-debug: run build task 整理脚本分组与脚本数据 success in 1 ms √10%
2023-8-17 17:09:41-debug: builder.tasks.settings.macro 字段未在编辑器多语言内定义
2023-8-17 17:09:41-debug: builder.tasks.settings.macro start11%
2023-8-17 17:09:41-debug: // ---- build task builder.tasks.settings.macro ----
2023-8-17 17:09:41-debug: run build task 初始化 settings.json 与 config.json success in 0 ms √11%
2023-8-17 17:09:41-debug: Process: heapTotal 226.93MB heapUsed 199.34MB rss 543.79MB
2023-8-17 17:09:41-debug: Process: heapTotal 226.93MB heapUsed 199.37MB rss 543.80MB
2023-8-17 17:09:41-debug: // ---- build task builder.tasks.settings.macro ---- (4ms)
2023-8-17 17:09:41-debug: run build task builder.tasks.settings.macro success in 4 ms √11%
2023-8-17 17:09:41-debug: // ---- build task 整理部分构建选项内数据到 settings.json ----
2023-8-17 17:09:41-debug: 整理部分构建选项内数据到 settings.json start11%
2023-8-17 17:09:41-debug: Process: heapTotal 226.93MB heapUsed 199.40MB rss 543.80MB
2023-8-17 17:09:41-debug: // ---- build task 整理部分构建选项内数据到 settings.json ---- (5ms)
2023-8-17 17:09:41-debug: run build task 整理部分构建选项内数据到 settings.json success in 5 ms √12%
2023-8-17 17:09:41-debug: custom joint texture layouts start12%
2023-8-17 17:09:41-debug: // ---- build task custom joint texture layouts ----
2023-8-17 17:09:41-debug: Process: heapTotal 226.93MB heapUsed 199.47MB rss 543.80MB
2023-8-17 17:09:41-debug: // ---- build task custom joint texture layouts ---- (1ms)
2023-8-17 17:09:41-debug: // ---- build task custom joint physics ----
2023-8-17 17:09:41-debug: custom joint physics start12%
2023-8-17 17:09:41-debug: Process: heapTotal 226.93MB heapUsed 199.50MB rss 543.81MB
2023-8-17 17:09:41-debug: run build task custom joint texture layouts success in 1 ms √12%
2023-8-17 17:09:41-debug: // ---- build task custom joint physics ---- (1ms)
2023-8-17 17:09:41-debug: run build task custom joint physics success in 1 ms √13%
2023-8-17 17:09:41-debug: 填充脚本数据到 settings.json start13%
2023-8-17 17:09:41-debug: // ---- build task 填充脚本数据到 settings.json ----
2023-8-17 17:09:41-debug: Process: heapTotal 226.93MB heapUsed 199.53MB rss 543.81MB
2023-8-17 17:09:41-debug: // ---- build task 填充脚本数据到 settings.json ---- (2ms)
2023-8-17 17:09:41-debug: run build task 填充脚本数据到 settings.json success in 2 ms √13%
2023-8-17 17:09:41-debug: // ---- build task 填充场景数据到 settings.json ----
2023-8-17 17:09:41-debug: 整理资源分组，生成 packedAssets 以及 rawAssets 数据 start14%
2023-8-17 17:09:41-debug: Process: heapTotal 226.93MB heapUsed 199.56MB rss 543.81MB
2023-8-17 17:09:41-debug: run build task 填充场景数据到 settings.json success in 0 ms √14%
2023-8-17 17:09:41-debug: 填充场景数据到 settings.json start13%
2023-8-17 17:09:41-debug: // ---- build task 整理资源分组，生成 packedAssets 以及 rawAssets 数据 ----
2023-8-17 17:09:41-debug: Process: heapTotal 226.93MB heapUsed 199.58MB rss 543.82MB
2023-8-17 17:09:41-debug: // ---- build task 整理资源分组，生成 packedAssets 以及 rawAssets 数据 ---- (3ms)
2023-8-17 17:09:41-debug: run build task 整理资源分组，生成 packedAssets 以及 rawAssets 数据 success in 3 ms √14%
2023-8-17 17:09:41-debug: Process: heapTotal 226.93MB heapUsed 199.65MB rss 543.82MB
2023-8-17 17:09:41-debug: 从 suffixMap 生成 md5AssetsMap 到 settings.json start14%
2023-8-17 17:09:41-debug: // ---- build task 从 suffixMap 生成 md5AssetsMap 到 settings.json ----
2023-8-17 17:09:41-debug: options.md5Cache is false.
2023-8-17 17:09:41-debug: // ---- build task 从 suffixMap 生成 md5AssetsMap 到 settings.json ---- (11ms)
2023-8-17 17:09:41-debug: run build task 从 suffixMap 生成 md5AssetsMap 到 settings.json success in 11 ms √15%
2023-8-17 17:10:19-debug: refresh db internal success
2023-8-17 17:10:19-debug: asset-db:worker-effect-data-processing (217ms)
2023-8-17 17:10:19-debug: refresh db assets success
2023-8-17 17:10:19-debug: asset-db:refresh-all-database (324ms)
2023-8-17 17:10:45-debug: refresh db internal success
2023-8-17 17:10:46-debug: asset-db:worker-effect-data-processing (322ms)
2023-8-17 17:10:46-debug: %cImport%c: F:\oldCode\PinkMCat\assets\src\View\AnimalItem.tsbackground: #aaff85; color: #000;color: #000;
2023-8-17 17:10:46-debug: refresh db assets success
2023-8-17 17:10:46-debug: asset-db:refresh-all-database (451ms)
2023-8-17 17:10:46-debug: Query all assets info in project
2023-8-17 17:10:46-debug: BuildAssetLibrary query-assets with assets 542
2023-8-17 17:10:46-debug: init custom config: keepNodeUuid: false, useCache: true
2023-8-17 17:10:46-debug:   Number of all scripts: 18
2023-8-17 17:10:46-debug:   Number of other assets: 379
2023-8-17 17:10:46-debug: // ---- build task 查询 Asset Bundle ----
2023-8-17 17:10:46-debug: 查询 Asset Bundle start0%
2023-8-17 17:10:46-debug: Process: heapTotal 222.48MB heapUsed 196.57MB rss 539.42MB
2023-8-17 17:10:46-debug:   Number of all scenes: 2
2023-8-17 17:10:46-debug: // ---- build task 查询 Asset Bundle ---- (8ms)
2023-8-17 17:10:46-debug: run build task 查询 Asset Bundle success in 8 ms √3%
2023-8-17 17:10:46-debug: // ---- build task 查询使用的资源以及资源包配置 ----
2023-8-17 17:10:46-debug: Process: heapTotal 220.45MB heapUsed 190.25MB rss 537.97MB
2023-8-17 17:10:46-debug: 查询使用的资源以及资源包配置 start3%
2023-8-17 17:10:46-debug: init bundle assets
2023-8-17 17:10:46-debug: Query preload assets from cc.config.json: 60f7195c-ec2a-45eb-ba94-8955f60e81d0,1c02ae6f-4492-4915-b8f8-7492a3b1e4cd,810e96e4-e456-4468-9b59-f4e8f39732c0,efe8e2a3-eace-427b-b4f1-cb8a937ec77d,e9aa9a3e-5b2b-4ac7-a2c7-073de2b2b24f,8bbdbcdd-5cd4-4100-b6d5-b7c9625b6107,50f4348b-c883-4e2f-8f11-ce233b859fa1,fda095cb-831d-4601-ad94-846013963de8,f92806d7-1768-443f-afe8-12bcde84d0f0,dd3a144d-ab7f-41f0-82b8-2e43a090d496,f0416e68-0200-4b77-a926-4f9d16e494da,ff9be190-20a4-4e48-b68c-76e3c7cff085,970b0598-bcb0-4714-91fb-2e81440dccd8,bcd64cc6-2dd9-43f6-abbe-66318d332032,d930590d-bb92-4cc8-8bd1-23cd027f9edf,a3cd009f-0ab0-420d-9278-b9fdab939bbc,9361fd90-ba52-4f84-aa93-6e878fd576ca,c27215d8-6835-4b68-bfbb-bdeac6100c04,b5d6115f-0370-4d7c-aad3-c194cc71cf98,871c3b6c-7379-419d-bda3-794b239ab90d
2023-8-17 17:10:46-debug: Number of scenes: 2
2023-8-17 17:10:46-debug: // ---- build task 查询使用的资源以及资源包配置 ---- (4ms)
2023-8-17 17:10:46-debug: run build task 查询使用的资源以及资源包配置 success in 4 ms √7%
2023-8-17 17:10:46-debug: 整理脚本分组与脚本数据 start7%
2023-8-17 17:10:46-debug: // ---- build task 整理脚本分组与脚本数据 ----
2023-8-17 17:10:46-debug: Process: heapTotal 220.45MB heapUsed 190.45MB rss 538.00MB
2023-8-17 17:10:46-debug: sort script group...
2023-8-17 17:10:46-debug: run build task 整理脚本分组与脚本数据 success in 0 ms √10%
2023-8-17 17:10:46-debug: Process: heapTotal 220.45MB heapUsed 190.48MB rss 538.00MB
2023-8-17 17:10:46-debug: // ---- build task 初始化 settings.json 与 config.json ---- (1ms)
2023-8-17 17:10:46-debug: run build task 初始化 settings.json 与 config.json success in 1 ms √11%
2023-8-17 17:10:46-debug: builder.tasks.settings.macro 字段未在编辑器多语言内定义
2023-8-17 17:10:46-debug: builder.tasks.settings.macro start11%
2023-8-17 17:10:46-debug: // ---- build task builder.tasks.settings.macro ----
2023-8-17 17:10:46-debug: Process: heapTotal 220.45MB heapUsed 190.52MB rss 538.00MB
2023-8-17 17:10:46-debug: 初始化 settings.json 与 config.json start10%
2023-8-17 17:10:46-debug: // ---- build task 初始化 settings.json 与 config.json ----
2023-8-17 17:10:46-debug: // ---- build task builder.tasks.settings.macro ---- (1ms)
2023-8-17 17:10:46-debug: run build task builder.tasks.settings.macro success in 1 ms √11%
2023-8-17 17:10:46-debug: // ---- build task 整理部分构建选项内数据到 settings.json ----
2023-8-17 17:10:46-debug: 整理部分构建选项内数据到 settings.json start11%
2023-8-17 17:10:46-debug: Process: heapTotal 220.45MB heapUsed 190.55MB rss 538.01MB
2023-8-17 17:10:46-debug: // ---- build task 整理部分构建选项内数据到 settings.json ---- (3ms)
2023-8-17 17:10:46-debug: run build task 整理部分构建选项内数据到 settings.json success in 3 ms √12%
2023-8-17 17:10:46-debug: custom joint texture layouts start12%
2023-8-17 17:10:46-debug: // ---- build task custom joint texture layouts ----
2023-8-17 17:10:46-debug: Process: heapTotal 220.45MB heapUsed 190.62MB rss 538.05MB
2023-8-17 17:10:46-debug: // ---- build task custom joint texture layouts ---- (2ms)
2023-8-17 17:10:46-debug: run build task custom joint texture layouts success in 2 ms √12%
2023-8-17 17:10:46-debug: Process: heapTotal 220.45MB heapUsed 190.65MB rss 538.06MB
2023-8-17 17:10:46-debug: // ---- build task custom joint physics ----
2023-8-17 17:10:46-debug: custom joint physics start12%
2023-8-17 17:10:46-debug: // ---- build task custom joint physics ---- (1ms)
2023-8-17 17:10:46-debug: run build task custom joint physics success in 1 ms √13%
2023-8-17 17:10:46-debug: 填充脚本数据到 settings.json start13%
2023-8-17 17:10:46-debug: // ---- build task 填充脚本数据到 settings.json ----
2023-8-17 17:10:46-debug: Process: heapTotal 220.45MB heapUsed 190.68MB rss 538.06MB
2023-8-17 17:10:46-debug: run build task 填充脚本数据到 settings.json success in 1 ms √13%
2023-8-17 17:10:46-debug: // ---- build task 填充脚本数据到 settings.json ---- (1ms)
2023-8-17 17:10:46-debug: 填充场景数据到 settings.json start13%
2023-8-17 17:10:46-debug: // ---- build task 填充场景数据到 settings.json ----
2023-8-17 17:10:46-debug: Process: heapTotal 220.45MB heapUsed 190.71MB rss 538.07MB
2023-8-17 17:10:46-debug: // ---- build task 填充场景数据到 settings.json ---- (1ms)
2023-8-17 17:10:46-debug: run build task 填充场景数据到 settings.json success in 1 ms √14%
2023-8-17 17:10:46-debug: 整理资源分组，生成 packedAssets 以及 rawAssets 数据 start14%
2023-8-17 17:10:46-debug: // ---- build task 整理资源分组，生成 packedAssets 以及 rawAssets 数据 ----
2023-8-17 17:10:46-debug: Process: heapTotal 220.45MB heapUsed 190.74MB rss 538.07MB
2023-8-17 17:10:46-debug: // ---- build task 整理资源分组，生成 packedAssets 以及 rawAssets 数据 ---- (1ms)
2023-8-17 17:10:46-debug: run build task 整理资源分组，生成 packedAssets 以及 rawAssets 数据 success in 1 ms √14%
2023-8-17 17:10:46-debug: // ---- build task 从 suffixMap 生成 md5AssetsMap 到 settings.json ----
2023-8-17 17:10:46-debug: Process: heapTotal 220.45MB heapUsed 190.81MB rss 538.07MB
2023-8-17 17:10:46-debug: options.md5Cache is false.
2023-8-17 17:10:46-debug: 从 suffixMap 生成 md5AssetsMap 到 settings.json start14%
2023-8-17 17:10:46-debug: // ---- build task 从 suffixMap 生成 md5AssetsMap 到 settings.json ---- (2ms)
2023-8-17 17:10:46-debug: run build task 从 suffixMap 生成 md5AssetsMap 到 settings.json success in 2 ms √15%
2023-8-17 17:11:18-debug: refresh db internal success
2023-8-17 17:11:18-debug: asset-db:worker-effect-data-processing (217ms)
2023-8-17 17:11:18-debug: %cImport%c: F:\oldCode\PinkMCat\assets\src\View\TableView.tsbackground: #aaff85; color: #000;color: #000;
2023-8-17 17:11:18-debug: refresh db assets success
2023-8-17 17:11:18-debug: asset-db:refresh-all-database (348ms)
2023-8-17 17:11:20-debug: Query all assets info in project
2023-8-17 17:11:20-debug: BuildAssetLibrary query-assets with assets 542
2023-8-17 17:11:20-debug: init custom config: keepNodeUuid: false, useCache: true
2023-8-17 17:11:20-debug:   Number of all scripts: 18
2023-8-17 17:11:20-debug:   Number of other assets: 379
2023-8-17 17:11:20-debug: // ---- build task 查询 Asset Bundle ----
2023-8-17 17:11:20-debug: 查询 Asset Bundle start0%
2023-8-17 17:11:20-debug: Process: heapTotal 219.92MB heapUsed 193.79MB rss 537.66MB
2023-8-17 17:11:20-debug:   Number of all scenes: 2
2023-8-17 17:11:20-debug: // ---- build task 查询 Asset Bundle ---- (6ms)
2023-8-17 17:11:20-debug: run build task 查询 Asset Bundle success in 6 ms √3%
2023-8-17 17:11:20-debug: 查询使用的资源以及资源包配置 start3%
2023-8-17 17:11:20-debug: // ---- build task 查询使用的资源以及资源包配置 ----
2023-8-17 17:11:20-debug: Process: heapTotal 219.92MB heapUsed 195.54MB rss 537.71MB
2023-8-17 17:11:20-debug: init bundle assets
2023-8-17 17:11:20-debug: Query preload assets from cc.config.json: 60f7195c-ec2a-45eb-ba94-8955f60e81d0,1c02ae6f-4492-4915-b8f8-7492a3b1e4cd,810e96e4-e456-4468-9b59-f4e8f39732c0,efe8e2a3-eace-427b-b4f1-cb8a937ec77d,e9aa9a3e-5b2b-4ac7-a2c7-073de2b2b24f,8bbdbcdd-5cd4-4100-b6d5-b7c9625b6107,50f4348b-c883-4e2f-8f11-ce233b859fa1,fda095cb-831d-4601-ad94-846013963de8,f92806d7-1768-443f-afe8-12bcde84d0f0,dd3a144d-ab7f-41f0-82b8-2e43a090d496,f0416e68-0200-4b77-a926-4f9d16e494da,ff9be190-20a4-4e48-b68c-76e3c7cff085,970b0598-bcb0-4714-91fb-2e81440dccd8,bcd64cc6-2dd9-43f6-abbe-66318d332032,d930590d-bb92-4cc8-8bd1-23cd027f9edf,a3cd009f-0ab0-420d-9278-b9fdab939bbc,9361fd90-ba52-4f84-aa93-6e878fd576ca,c27215d8-6835-4b68-bfbb-bdeac6100c04,b5d6115f-0370-4d7c-aad3-c194cc71cf98,871c3b6c-7379-419d-bda3-794b239ab90d
2023-8-17 17:11:20-debug: Number of scenes: 2
2023-8-17 17:11:20-debug: // ---- build task 查询使用的资源以及资源包配置 ---- (5ms)
2023-8-17 17:11:20-debug: run build task 查询使用的资源以及资源包配置 success in 5 ms √7%
2023-8-17 17:11:20-debug: sort script group...
2023-8-17 17:11:20-debug: // ---- build task 整理脚本分组与脚本数据 ---- (1ms)
2023-8-17 17:11:20-debug: 整理脚本分组与脚本数据 start7%
2023-8-17 17:11:20-debug: // ---- build task 整理脚本分组与脚本数据 ----
2023-8-17 17:11:20-debug: Process: heapTotal 219.92MB heapUsed 195.72MB rss 537.75MB
2023-8-17 17:11:20-debug: run build task 整理脚本分组与脚本数据 success in 1 ms √10%
2023-8-17 17:11:20-debug: 初始化 settings.json 与 config.json start10%
2023-8-17 17:11:20-debug: // ---- build task 初始化 settings.json 与 config.json ----
2023-8-17 17:11:20-debug: Process: heapTotal 219.92MB heapUsed 195.76MB rss 537.75MB
2023-8-17 17:11:20-debug: // ---- build task 初始化 settings.json 与 config.json ---- (2ms)
2023-8-17 17:11:20-debug: // ---- build task builder.tasks.settings.macro ----
2023-8-17 17:11:20-debug: Process: heapTotal 219.92MB heapUsed 195.79MB rss 537.75MB
2023-8-17 17:11:20-debug: run build task 初始化 settings.json 与 config.json success in 2 ms √11%
2023-8-17 17:11:20-debug: builder.tasks.settings.macro start11%
2023-8-17 17:11:20-debug: builder.tasks.settings.macro 字段未在编辑器多语言内定义
2023-8-17 17:11:20-debug: // ---- build task builder.tasks.settings.macro ---- (7ms)
2023-8-17 17:11:20-debug: run build task builder.tasks.settings.macro success in 7 ms √11%
2023-8-17 17:11:20-debug: 整理部分构建选项内数据到 settings.json start11%
2023-8-17 17:11:20-debug: // ---- build task 整理部分构建选项内数据到 settings.json ----
2023-8-17 17:11:20-debug: Process: heapTotal 219.92MB heapUsed 195.83MB rss 537.75MB
2023-8-17 17:11:20-debug: // ---- build task 整理部分构建选项内数据到 settings.json ---- (3ms)
2023-8-17 17:11:20-debug: run build task 整理部分构建选项内数据到 settings.json success in 3 ms √12%
2023-8-17 17:11:20-debug: // ---- build task custom joint texture layouts ----
2023-8-17 17:11:20-debug: custom joint texture layouts start12%
2023-8-17 17:11:20-debug: Process: heapTotal 219.92MB heapUsed 195.90MB rss 537.80MB
2023-8-17 17:11:20-debug: // ---- build task custom joint texture layouts ---- (7ms)
2023-8-17 17:11:20-debug: run build task custom joint texture layouts success in 7 ms √12%
2023-8-17 17:11:20-debug: custom joint physics start12%
2023-8-17 17:11:20-debug: // ---- build task custom joint physics ----
2023-8-17 17:11:20-debug: Process: heapTotal 219.92MB heapUsed 195.93MB rss 537.80MB
2023-8-17 17:11:20-debug: // ---- build task custom joint physics ---- (1ms)
2023-8-17 17:11:20-debug: 填充脚本数据到 settings.json start13%
2023-8-17 17:11:20-debug: run build task custom joint physics success in 1 ms √13%
2023-8-17 17:11:20-debug: Process: heapTotal 219.92MB heapUsed 195.96MB rss 537.81MB
2023-8-17 17:11:20-debug: // ---- build task 填充脚本数据到 settings.json ----
2023-8-17 17:11:20-debug: // ---- build task 填充场景数据到 settings.json ----
2023-8-17 17:11:20-debug: 填充场景数据到 settings.json start13%
2023-8-17 17:11:20-debug: Process: heapTotal 219.92MB heapUsed 195.98MB rss 537.81MB
2023-8-17 17:11:20-debug: // ---- build task 填充脚本数据到 settings.json ---- (2ms)
2023-8-17 17:11:20-debug: run build task 填充脚本数据到 settings.json success in 2 ms √13%
2023-8-17 17:11:20-debug: run build task 填充场景数据到 settings.json success in 0 ms √14%
2023-8-17 17:11:20-debug: 整理资源分组，生成 packedAssets 以及 rawAssets 数据 start14%
2023-8-17 17:11:20-debug: // ---- build task 整理资源分组，生成 packedAssets 以及 rawAssets 数据 ----
2023-8-17 17:11:20-debug: Process: heapTotal 219.92MB heapUsed 196.01MB rss 537.81MB
2023-8-17 17:11:20-debug: // ---- build task 整理资源分组，生成 packedAssets 以及 rawAssets 数据 ---- (2ms)
2023-8-17 17:11:20-debug: run build task 整理资源分组，生成 packedAssets 以及 rawAssets 数据 success in 2 ms √14%
2023-8-17 17:11:20-debug: 从 suffixMap 生成 md5AssetsMap 到 settings.json start14%
2023-8-17 17:11:20-debug: // ---- build task 从 suffixMap 生成 md5AssetsMap 到 settings.json ----
2023-8-17 17:11:20-debug: options.md5Cache is false.
2023-8-17 17:11:20-debug: Process: heapTotal 219.92MB heapUsed 196.08MB rss 537.82MB
2023-8-17 17:11:20-debug: // ---- build task 从 suffixMap 生成 md5AssetsMap 到 settings.json ---- (2ms)
2023-8-17 17:11:20-debug: run build task 从 suffixMap 生成 md5AssetsMap 到 settings.json success in 2 ms √15%
2023-8-17 17:11:44-debug: refresh db internal success
2023-8-17 17:11:45-debug: asset-db:worker-effect-data-processing (161ms)
2023-8-17 17:11:45-debug: refresh db assets success
2023-8-17 17:11:45-debug: asset-db:refresh-all-database (268ms)
2023-8-17 17:11:47-debug: start refresh asset from F:\oldCode\PinkMCat\assets\play.scene...
2023-8-17 17:11:47-debug: %cImport%c: F:\oldCode\PinkMCat\assets\play.scenebackground: #aaff85; color: #000;color: #000;
2023-8-17 17:11:47-debug: refresh asset F:\oldCode\PinkMCat\assets success
