8-19-2023 14:13:03 - verbose: Arguments:
8-19-2023 14:13:03 - verbose:   /Applications/CocosCreator/Creator/3.7.3/CocosCreator.app/Contents/MacOS/CocosCreator: true
8-19-2023 14:13:03 - verbose:   project: /Users/huwenting/Documents/Web3Pink/PinkMCat
8-19-2023 14:13:03 - verbose:   dev: false
8-19-2023 14:13:03 - verbose:   home: /Users/huwenting/.CocosCreator
8-19-2023 14:13:03 - verbose:  
8-19-2023 14:13:08 - verbose: [Package] menu@1.0.0 enable
8-19-2023 14:13:08 - verbose: [Package] profile@1.0.0 enable
8-19-2023 14:13:08 - verbose: [Package] project@1.0.4 enable
8-19-2023 14:13:08 - verbose: [Package] messages@1.0.0 enable
8-19-2023 14:13:08 - verbose: [Package] program@1.0.3 enable
8-19-2023 14:13:08 - verbose: [Package] tester@1.0.0 enable
8-19-2023 14:13:08 - verbose: [Package] information@1.0.0 enable
8-19-2023 14:13:08 - verbose: [Package] preferences@1.0.0 enable
8-19-2023 14:13:13 - log: Load engine in /Applications/CocosCreator/Creator/3.7.3/CocosCreator.app/Contents/Resources/resources/3d/engine
8-19-2023 14:13:13 - log: Profile changed: engine (modules.includeModules: 2d,animation,audio,base,dragon-bones,gfx-webgl,gfx-webgl2,intersection-2d,particle-2d,physics-2d-box2d,profiler,spine,tiled-map,tween,ui,video,webview)
8-19-2023 14:13:13 - log: Register native engine in /Applications/CocosCreator/Creator/3.7.3/CocosCreator.app/Contents/Resources/resources/3d/engine/native
8-19-2023 14:13:13 - verbose: [Package] engine@1.0.7 enable
8-19-2023 14:13:15 - verbose: [Package] programming@1.0.0 enable
8-19-2023 14:13:15 - verbose: [Package] device@1.0.1 enable
8-19-2023 14:13:15 - verbose: [Package] ui-kit@1.0.1 enable
8-19-2023 14:13:15 - verbose: [Package] asset-db@1.0.0 enable
8-19-2023 14:13:15 - verbose: [Package] scene@1.0.0 enable
8-19-2023 14:13:15 - verbose: [Package] server@1.0.0 enable
8-19-2023 14:13:15 - verbose: [Package] utils@1.0.0 enable
8-19-2023 14:13:23 - verbose: [Package] preview@1.0.1 enable
8-19-2023 14:13:23 - verbose: [Package] animator@1.0.0 enable
8-19-2023 14:13:23 - verbose: [Build-plugin] register pkg scene: 2ms
8-19-2023 14:13:23 - verbose: Builder PluginManager init: 2ms
8-19-2023 14:13:23 - verbose: [Package] builder@1.3.5 enable
8-19-2023 14:13:23 - verbose: [Package] shortcuts@1.0.1 enable
8-19-2023 14:13:23 - verbose: [Package] animation-graph@1.0.0 enable
8-19-2023 14:13:23 - verbose: [Package] about@1.0.2 enable
8-19-2023 14:13:23 - verbose: [Package] assets@1.0.0 enable
8-19-2023 14:13:23 - verbose: [Package] console@1.0.0 enable
8-19-2023 14:13:23 - verbose: [Package] crash-reporter@1.0.0 enable
8-19-2023 14:13:24 - verbose: [Package] extension@3.1.1 enable
8-19-2023 14:13:24 - verbose: [Package] hierarchy@1.0.0 enable
8-19-2023 14:13:24 - verbose: [Package] inspector@1.0.0 enable
8-19-2023 14:13:24 - verbose: [Package] light-probe@1.0.4 enable
8-19-2023 14:13:24 - verbose: [Package] lightmap@1.0.4 enable
8-19-2023 14:13:24 - verbose: [Package] node-library@1.0.1 enable
8-19-2023 14:13:24 - verbose: [Package] cocos-service@3.0.7 enable
8-19-2023 14:13:24 - verbose: [Build-plugin] register pkg cocos-service: 51ms
8-19-2023 14:13:24 - verbose: [Package] package-asset@1.0.1 enable
8-19-2023 14:13:24 - verbose: [Package] process@1.0.0 enable
8-19-2023 14:13:24 - verbose: [Package] reference-image@1.0.0 enable
8-19-2023 14:13:24 - verbose: [Package] reflection-probe@1.0.4 enable
8-19-2023 14:13:24 - verbose: [Package] engine-extends@1.0.0 enable
8-19-2023 14:13:24 - verbose: [Package] alipay-mini-game@1.0.1 enable
8-19-2023 14:13:24 - verbose: [Package] android@1.0.1 enable
8-19-2023 14:13:25 - verbose: [Package] bytedance-mini-game@1.0.2 enable
8-19-2023 14:13:25 - verbose: [Package] certificate@1.0.0 enable
8-19-2023 14:13:25 - verbose: [Build-plugin] register pkg android: 94ms
8-19-2023 14:13:25 - verbose: [Package] channel-upload-tools@1.0.0 enable
8-19-2023 14:13:25 - verbose: [Build-plugin] register pkg bytedance-mini-game: 65ms
8-19-2023 14:13:25 - verbose: [Package] fb-instant-games@1.0.0 enable
8-19-2023 14:13:25 - verbose: [Package] huawei-agc@1.0.0 enable
8-19-2023 14:13:25 - verbose: [Build-plugin] register pkg fb-instant-games: 37ms
8-19-2023 14:13:25 - verbose: [Package] huawei-quick-game@1.0.1 enable
8-19-2023 14:13:50 - verbose: [Package] ios@1.0.0 enable
8-19-2023 14:13:50 - verbose: [Build-plugin] register pkg huawei-agc: 25693ms
8-19-2023 14:13:50 - verbose: [Package] linux@1.0.0 enable
8-19-2023 14:13:50 - verbose: [Build-plugin] register pkg huawei-quick-game: 25706ms
8-19-2023 14:13:50 - verbose: [Package] mac@1.0.0 enable
8-19-2023 14:13:50 - verbose: [Build-plugin] register pkg ios: 58ms
8-19-2023 14:13:50 - verbose: [Package] native@1.0.2 enable
8-19-2023 14:13:51 - verbose: [Build-plugin] register pkg native: 61ms
8-19-2023 14:13:51 - verbose: [Package] ohos@1.0.0 enable
8-19-2023 14:13:51 - verbose: [Build-plugin] register pkg mac: 185ms
8-19-2023 14:13:51 - verbose: [Package] open-harmonyos@1.0.0 enable
8-19-2023 14:13:51 - verbose: [Build-plugin] register pkg ohos: 40ms
8-19-2023 14:13:51 - verbose: [Package] oppo-mini-game@1.0.1 enable
8-19-2023 14:13:51 - verbose: [Package] runtime-dev-tools@1.0.0 enable
8-19-2023 14:13:51 - verbose: [Package] taobao-creative-app@1.0.0 enable
8-19-2023 14:13:51 - verbose: [Build-plugin] register pkg oppo-mini-game: 58ms
8-19-2023 14:13:51 - verbose: [Package] taobao-mini-game@1.0.0 enable
8-19-2023 14:13:51 - verbose: [Build-plugin] register pkg taobao-creative-app: 45ms
8-19-2023 14:13:51 - verbose: [Package] vivo-mini-game@1.0.1 enable
8-19-2023 14:13:51 - verbose: [Build-plugin] register pkg taobao-mini-game: 39ms
8-19-2023 14:13:51 - verbose: [Package] web-desktop@1.0.1 enable
8-19-2023 14:13:51 - verbose: [Package] web-mobile@1.0.1 enable
8-19-2023 14:13:51 - verbose: [Build-plugin] register pkg vivo-mini-game: 90ms
8-19-2023 14:13:51 - verbose: [Package] wechatgame@1.0.2 enable
8-19-2023 14:13:51 - verbose: [Package] wechatprogram@1.0.2 enable
8-19-2023 14:13:51 - verbose: [Package] windows@1.0.1 enable
8-19-2023 14:13:51 - verbose: [Build-plugin] register pkg web-mobile: 101ms
8-19-2023 14:13:51 - verbose: [Build-plugin] register pkg web-desktop: 140ms
8-19-2023 14:13:51 - verbose: [Package] xiaomi-quick-game@1.0.1 enable
8-19-2023 14:13:51 - verbose: [Build-plugin] register pkg wechatgame: 87ms
8-19-2023 14:13:51 - verbose: [Build-plugin] register pkg windows: 37ms
8-19-2023 14:13:51 - verbose: [Build-plugin] register pkg xiaomi-quick-game: 38ms
8-19-2023 14:13:51 - verbose: [Package] im-plugin@3.0.10 enable
8-19-2023 14:13:51 - verbose: [Package] placeholder@1.0.0 enable
8-19-2023 14:13:53 - verbose: asset-db is ready!
8-19-2023 14:13:55 - info: [Scene] [Physics][Bullet]: Using asmjs Bullet libs.
8-19-2023 14:13:55 - info: [Scene] [PHYSICS]: using builtin.
8-19-2023 14:13:56 - log: [Scene] Cocos Creator v3.7.3
8-19-2023 14:13:56 - info: [Scene] Forward render pipeline initialized.
8-19-2023 14:13:56 - warn: [Scene] 'SystemEventType' is deprecated since v3.3.0, please use 'Input.EventType' instead.Error: [Scene] 'SystemEventType' is deprecated since v3.3.0, please use 'Input.EventType' instead.
    at warn (/Applications/CocosCreator/Creator/3.7.3/CocosCreator.app/Contents/Resources/resources/3d/engine/bin/.cache/dev/editor/bundled/index.js:147034:12)
    at warnID (/Applications/CocosCreator/Creator/3.7.3/CocosCreator.app/Contents/Resources/resources/3d/engine/bin/.cache/dev/editor/bundled/index.js:147253:5)
    at _checkObsoleteByName (/Applications/CocosCreator/Creator/3.7.3/CocosCreator.app/Contents/Resources/resources/3d/engine/bin/.cache/dev/editor/bundled/index.js:152510:7)
    at __checkObsolete__ (/Applications/CocosCreator/Creator/3.7.3/CocosCreator.app/Contents/Resources/resources/3d/engine/bin/.cache/dev/editor/bundled/index.js:152530:7)
    at Object.execute (file:///Users/huwenting/Documents/Web3Pink/PinkMCat/temp/programming/packer-driver/targets/editor/chunks/8b/8b3cab11ab5e32e9a168464844f1f989745a44d2.js:71:7)
    at doExec (/Applications/CocosCreator/Creator/3.7.3/CocosCreator.app/Contents/Resources/app.asar/node_modules/@editor/lib-programming/static/executor/systemjs-bridge/out/index.js:517:30)
    at file:///Users/huwenting/Documents/Web3Pink/PinkMCat/temp/programming/packer-driver/targets/editor/chunks/44/cce:/internal/x/prerequisite-imports:8:13
8-19-2023 14:13:56 - info: [Scene] [PHYSICS2D]: switch from builtin to box2d.
8-19-2023 14:13:57 - warn: [Scene] 'SystemEventType' is deprecated since v3.3.0, please use 'Input.EventType' instead.Error: [Scene] 'SystemEventType' is deprecated since v3.3.0, please use 'Input.EventType' instead.
    at warn (/Applications/CocosCreator/Creator/3.7.3/CocosCreator.app/Contents/Resources/resources/3d/engine/bin/.cache/dev/editor/bundled/index.js:147034:12)
    at warnID (/Applications/CocosCreator/Creator/3.7.3/CocosCreator.app/Contents/Resources/resources/3d/engine/bin/.cache/dev/editor/bundled/index.js:147253:5)
    at _checkObsoleteByName (/Applications/CocosCreator/Creator/3.7.3/CocosCreator.app/Contents/Resources/resources/3d/engine/bin/.cache/dev/editor/bundled/index.js:152510:7)
    at __checkObsolete__ (/Applications/CocosCreator/Creator/3.7.3/CocosCreator.app/Contents/Resources/resources/3d/engine/bin/.cache/dev/editor/bundled/index.js:152530:7)
    at Object.execute (file:///Users/huwenting/Documents/Web3Pink/PinkMCat/temp/programming/packer-driver/targets/editor/chunks/8b/8b3cab11ab5e32e9a168464844f1f989745a44d2.js:71:7)
    at doExec (/Applications/CocosCreator/Creator/3.7.3/CocosCreator.app/Contents/Resources/app.asar/node_modules/@editor/lib-programming/static/executor/systemjs-bridge/out/index.js:517:30)
    at postOrderExec (/Applications/CocosCreator/Creator/3.7.3/CocosCreator.app/Contents/Resources/app.asar/node_modules/@editor/lib-programming/static/executor/systemjs-bridge/out/index.js:508:21)
8-19-2023 17:03:25 - log: [Window] Deprecated as of 10.7.0. highlight(lang, code, ...args) has been deprecated.
8-19-2023 17:03:25 - log: [Window] Deprecated as of 10.7.0. Please use highlight(code, options) instead.
https://github.com/highlightjs/highlight.js/issues/2277
8-19-2023 17:03:25 - warn: 为更好地打开脚本，请在 偏好设置 -> 外部程序 -> 默认脚本编辑器 里配置打开脚本的应用程序
8-19-2023 17:15:42 - warn: [Scene] 'SystemEventType' is deprecated since v3.3.0, please use 'Input.EventType' instead.Error: [Scene] 'SystemEventType' is deprecated since v3.3.0, please use 'Input.EventType' instead.
    at warn (/Applications/CocosCreator/Creator/3.7.3/CocosCreator.app/Contents/Resources/resources/3d/engine/bin/.cache/dev/editor/bundled/index.js:147034:12)
    at warnID (/Applications/CocosCreator/Creator/3.7.3/CocosCreator.app/Contents/Resources/resources/3d/engine/bin/.cache/dev/editor/bundled/index.js:147253:5)
    at _checkObsoleteByName (/Applications/CocosCreator/Creator/3.7.3/CocosCreator.app/Contents/Resources/resources/3d/engine/bin/.cache/dev/editor/bundled/index.js:152510:7)
    at __checkObsolete__ (/Applications/CocosCreator/Creator/3.7.3/CocosCreator.app/Contents/Resources/resources/3d/engine/bin/.cache/dev/editor/bundled/index.js:152530:7)
    at Object.execute (file:///Users/huwenting/Documents/Web3Pink/PinkMCat/temp/programming/packer-driver/targets/editor/chunks/8b/8b3cab11ab5e32e9a168464844f1f989745a44d2.js:71:7)
    at doExec (/Applications/CocosCreator/Creator/3.7.3/CocosCreator.app/Contents/Resources/app.asar/node_modules/@editor/lib-programming/static/executor/systemjs-bridge/out/index.js:517:30)
    at postOrderExec (/Applications/CocosCreator/Creator/3.7.3/CocosCreator.app/Contents/Resources/app.asar/node_modules/@editor/lib-programming/static/executor/systemjs-bridge/out/index.js:508:21)
8-19-2023 19:47:25 - warn: 为更好地打开脚本，请在 偏好设置 -> 外部程序 -> 默认脚本编辑器 里配置打开脚本的应用程序
8-19-2023 20:00:43 - warn: 为更好地打开脚本，请在 偏好设置 -> 外部程序 -> 默认脚本编辑器 里配置打开脚本的应用程序
8-19-2023 20:00:52 - warn: 为更好地打开脚本，请在 偏好设置 -> 外部程序 -> 默认脚本编辑器 里配置打开脚本的应用程序
8-19-2023 20:00:53 - warn: [Scene] 'SystemEventType' is deprecated since v3.3.0, please use 'Input.EventType' instead.Error: [Scene] 'SystemEventType' is deprecated since v3.3.0, please use 'Input.EventType' instead.
    at warn (/Applications/CocosCreator/Creator/3.7.3/CocosCreator.app/Contents/Resources/resources/3d/engine/bin/.cache/dev/editor/bundled/index.js:147034:12)
    at warnID (/Applications/CocosCreator/Creator/3.7.3/CocosCreator.app/Contents/Resources/resources/3d/engine/bin/.cache/dev/editor/bundled/index.js:147253:5)
    at _checkObsoleteByName (/Applications/CocosCreator/Creator/3.7.3/CocosCreator.app/Contents/Resources/resources/3d/engine/bin/.cache/dev/editor/bundled/index.js:152510:7)
    at __checkObsolete__ (/Applications/CocosCreator/Creator/3.7.3/CocosCreator.app/Contents/Resources/resources/3d/engine/bin/.cache/dev/editor/bundled/index.js:152530:7)
    at Object.execute (file:///Users/huwenting/Documents/Web3Pink/PinkMCat/temp/programming/packer-driver/targets/editor/chunks/8b/8b3cab11ab5e32e9a168464844f1f989745a44d2.js:71:7)
    at doExec (/Applications/CocosCreator/Creator/3.7.3/CocosCreator.app/Contents/Resources/app.asar/node_modules/@editor/lib-programming/static/executor/systemjs-bridge/out/index.js:517:30)
    at postOrderExec (/Applications/CocosCreator/Creator/3.7.3/CocosCreator.app/Contents/Resources/app.asar/node_modules/@editor/lib-programming/static/executor/systemjs-bridge/out/index.js:508:21)
8-19-2023 20:00:55 - warn: 为更好地打开脚本，请在 偏好设置 -> 外部程序 -> 默认脚本编辑器 里配置打开脚本的应用程序
8-19-2023 20:01:39 - warn: 为更好地打开脚本，请在 偏好设置 -> 外部程序 -> 默认脚本编辑器 里配置打开脚本的应用程序
8-19-2023 20:01:42 - warn: 为更好地打开脚本，请在 偏好设置 -> 外部程序 -> 默认脚本编辑器 里配置打开脚本的应用程序
8-19-2023 20:01:58 - warn: 为更好地打开脚本，请在 偏好设置 -> 外部程序 -> 默认脚本编辑器 里配置打开脚本的应用程序
8-19-2023 20:02:30 - warn: [Scene] 'SystemEventType' is deprecated since v3.3.0, please use 'Input.EventType' instead.Error: [Scene] 'SystemEventType' is deprecated since v3.3.0, please use 'Input.EventType' instead.
    at warn (/Applications/CocosCreator/Creator/3.7.3/CocosCreator.app/Contents/Resources/resources/3d/engine/bin/.cache/dev/editor/bundled/index.js:147034:12)
    at warnID (/Applications/CocosCreator/Creator/3.7.3/CocosCreator.app/Contents/Resources/resources/3d/engine/bin/.cache/dev/editor/bundled/index.js:147253:5)
    at _checkObsoleteByName (/Applications/CocosCreator/Creator/3.7.3/CocosCreator.app/Contents/Resources/resources/3d/engine/bin/.cache/dev/editor/bundled/index.js:152510:7)
    at __checkObsolete__ (/Applications/CocosCreator/Creator/3.7.3/CocosCreator.app/Contents/Resources/resources/3d/engine/bin/.cache/dev/editor/bundled/index.js:152530:7)
    at Object.execute (file:///Users/huwenting/Documents/Web3Pink/PinkMCat/temp/programming/packer-driver/targets/editor/chunks/8b/8b3cab11ab5e32e9a168464844f1f989745a44d2.js:71:7)
    at doExec (/Applications/CocosCreator/Creator/3.7.3/CocosCreator.app/Contents/Resources/app.asar/node_modules/@editor/lib-programming/static/executor/systemjs-bridge/out/index.js:517:30)
    at postOrderExec (/Applications/CocosCreator/Creator/3.7.3/CocosCreator.app/Contents/Resources/app.asar/node_modules/@editor/lib-programming/static/executor/systemjs-bridge/out/index.js:508:21)
8-19-2023 20:02:32 - warn: 为更好地打开脚本，请在 偏好设置 -> 外部程序 -> 默认脚本编辑器 里配置打开脚本的应用程序
8-19-2023 20:02:41 - warn: [Scene] 'SystemEventType' is deprecated since v3.3.0, please use 'Input.EventType' instead.Error: [Scene] 'SystemEventType' is deprecated since v3.3.0, please use 'Input.EventType' instead.
    at warn (/Applications/CocosCreator/Creator/3.7.3/CocosCreator.app/Contents/Resources/resources/3d/engine/bin/.cache/dev/editor/bundled/index.js:147034:12)
    at warnID (/Applications/CocosCreator/Creator/3.7.3/CocosCreator.app/Contents/Resources/resources/3d/engine/bin/.cache/dev/editor/bundled/index.js:147253:5)
    at _checkObsoleteByName (/Applications/CocosCreator/Creator/3.7.3/CocosCreator.app/Contents/Resources/resources/3d/engine/bin/.cache/dev/editor/bundled/index.js:152510:7)
    at __checkObsolete__ (/Applications/CocosCreator/Creator/3.7.3/CocosCreator.app/Contents/Resources/resources/3d/engine/bin/.cache/dev/editor/bundled/index.js:152530:7)
    at Object.execute (file:///Users/huwenting/Documents/Web3Pink/PinkMCat/temp/programming/packer-driver/targets/editor/chunks/8b/8b3cab11ab5e32e9a168464844f1f989745a44d2.js:71:7)
    at doExec (/Applications/CocosCreator/Creator/3.7.3/CocosCreator.app/Contents/Resources/app.asar/node_modules/@editor/lib-programming/static/executor/systemjs-bridge/out/index.js:517:30)
    at postOrderExec (/Applications/CocosCreator/Creator/3.7.3/CocosCreator.app/Contents/Resources/app.asar/node_modules/@editor/lib-programming/static/executor/systemjs-bridge/out/index.js:508:21)
8-19-2023 20:31:15 - warn: [Scene] 'SystemEventType' is deprecated since v3.3.0, please use 'Input.EventType' instead.Error: [Scene] 'SystemEventType' is deprecated since v3.3.0, please use 'Input.EventType' instead.
    at warn (/Applications/CocosCreator/Creator/3.7.3/CocosCreator.app/Contents/Resources/resources/3d/engine/bin/.cache/dev/editor/bundled/index.js:147034:12)
    at warnID (/Applications/CocosCreator/Creator/3.7.3/CocosCreator.app/Contents/Resources/resources/3d/engine/bin/.cache/dev/editor/bundled/index.js:147253:5)
    at _checkObsoleteByName (/Applications/CocosCreator/Creator/3.7.3/CocosCreator.app/Contents/Resources/resources/3d/engine/bin/.cache/dev/editor/bundled/index.js:152510:7)
    at __checkObsolete__ (/Applications/CocosCreator/Creator/3.7.3/CocosCreator.app/Contents/Resources/resources/3d/engine/bin/.cache/dev/editor/bundled/index.js:152530:7)
    at Object.execute (file:///Users/huwenting/Documents/Web3Pink/PinkMCat/temp/programming/packer-driver/targets/editor/chunks/8b/8b3cab11ab5e32e9a168464844f1f989745a44d2.js:71:7)
    at doExec (/Applications/CocosCreator/Creator/3.7.3/CocosCreator.app/Contents/Resources/app.asar/node_modules/@editor/lib-programming/static/executor/systemjs-bridge/out/index.js:517:30)
    at postOrderExec (/Applications/CocosCreator/Creator/3.7.3/CocosCreator.app/Contents/Resources/app.asar/node_modules/@editor/lib-programming/static/executor/systemjs-bridge/out/index.js:508:21)
8-19-2023 20:32:39 - warn: 为更好地打开脚本，请在 偏好设置 -> 外部程序 -> 默认脚本编辑器 里配置打开脚本的应用程序
8-19-2023 20:32:45 - warn: 为更好地打开脚本，请在 偏好设置 -> 外部程序 -> 默认脚本编辑器 里配置打开脚本的应用程序
8-19-2023 20:33:15 - warn: 为更好地打开脚本，请在 偏好设置 -> 外部程序 -> 默认脚本编辑器 里配置打开脚本的应用程序
8-19-2023 20:33:28 - warn: 为更好地打开脚本，请在 偏好设置 -> 外部程序 -> 默认脚本编辑器 里配置打开脚本的应用程序
8-20-2023 21:08:03 - warn: [Scene] 'SystemEventType' is deprecated since v3.3.0, please use 'Input.EventType' instead.Error: [Scene] 'SystemEventType' is deprecated since v3.3.0, please use 'Input.EventType' instead.
    at warn (/Applications/CocosCreator/Creator/3.7.3/CocosCreator.app/Contents/Resources/resources/3d/engine/bin/.cache/dev/editor/bundled/index.js:147034:12)
    at warnID (/Applications/CocosCreator/Creator/3.7.3/CocosCreator.app/Contents/Resources/resources/3d/engine/bin/.cache/dev/editor/bundled/index.js:147253:5)
    at _checkObsoleteByName (/Applications/CocosCreator/Creator/3.7.3/CocosCreator.app/Contents/Resources/resources/3d/engine/bin/.cache/dev/editor/bundled/index.js:152510:7)
    at __checkObsolete__ (/Applications/CocosCreator/Creator/3.7.3/CocosCreator.app/Contents/Resources/resources/3d/engine/bin/.cache/dev/editor/bundled/index.js:152530:7)
    at Object.execute (file:///Users/huwenting/Documents/Web3Pink/PinkMCat/temp/programming/packer-driver/targets/editor/chunks/8b/8b3cab11ab5e32e9a168464844f1f989745a44d2.js:71:7)
    at doExec (/Applications/CocosCreator/Creator/3.7.3/CocosCreator.app/Contents/Resources/app.asar/node_modules/@editor/lib-programming/static/executor/systemjs-bridge/out/index.js:517:30)
    at postOrderExec (/Applications/CocosCreator/Creator/3.7.3/CocosCreator.app/Contents/Resources/app.asar/node_modules/@editor/lib-programming/static/executor/systemjs-bridge/out/index.js:508:21)
8-20-2023 21:09:00 - warn: [Scene] 'SystemEventType' is deprecated since v3.3.0, please use 'Input.EventType' instead.Error: [Scene] 'SystemEventType' is deprecated since v3.3.0, please use 'Input.EventType' instead.
    at warn (/Applications/CocosCreator/Creator/3.7.3/CocosCreator.app/Contents/Resources/resources/3d/engine/bin/.cache/dev/editor/bundled/index.js:147034:12)
    at warnID (/Applications/CocosCreator/Creator/3.7.3/CocosCreator.app/Contents/Resources/resources/3d/engine/bin/.cache/dev/editor/bundled/index.js:147253:5)
    at _checkObsoleteByName (/Applications/CocosCreator/Creator/3.7.3/CocosCreator.app/Contents/Resources/resources/3d/engine/bin/.cache/dev/editor/bundled/index.js:152510:7)
    at __checkObsolete__ (/Applications/CocosCreator/Creator/3.7.3/CocosCreator.app/Contents/Resources/resources/3d/engine/bin/.cache/dev/editor/bundled/index.js:152530:7)
    at Object.execute (file:///Users/huwenting/Documents/Web3Pink/PinkMCat/temp/programming/packer-driver/targets/editor/chunks/8b/8b3cab11ab5e32e9a168464844f1f989745a44d2.js:71:7)
    at doExec (/Applications/CocosCreator/Creator/3.7.3/CocosCreator.app/Contents/Resources/app.asar/node_modules/@editor/lib-programming/static/executor/systemjs-bridge/out/index.js:517:30)
    at postOrderExec (/Applications/CocosCreator/Creator/3.7.3/CocosCreator.app/Contents/Resources/app.asar/node_modules/@editor/lib-programming/static/executor/systemjs-bridge/out/index.js:508:21)
8-20-2023 21:09:21 - warn: 为更好地打开脚本，请在 偏好设置 -> 外部程序 -> 默认脚本编辑器 里配置打开脚本的应用程序
8-20-2023 21:42:37 - warn: [Scene] 'SystemEventType' is deprecated since v3.3.0, please use 'Input.EventType' instead.Error: [Scene] 'SystemEventType' is deprecated since v3.3.0, please use 'Input.EventType' instead.
    at warn (/Applications/CocosCreator/Creator/3.7.3/CocosCreator.app/Contents/Resources/resources/3d/engine/bin/.cache/dev/editor/bundled/index.js:147034:12)
    at warnID (/Applications/CocosCreator/Creator/3.7.3/CocosCreator.app/Contents/Resources/resources/3d/engine/bin/.cache/dev/editor/bundled/index.js:147253:5)
    at _checkObsoleteByName (/Applications/CocosCreator/Creator/3.7.3/CocosCreator.app/Contents/Resources/resources/3d/engine/bin/.cache/dev/editor/bundled/index.js:152510:7)
    at __checkObsolete__ (/Applications/CocosCreator/Creator/3.7.3/CocosCreator.app/Contents/Resources/resources/3d/engine/bin/.cache/dev/editor/bundled/index.js:152530:7)
    at Object.execute (file:///Users/huwenting/Documents/Web3Pink/PinkMCat/temp/programming/packer-driver/targets/editor/chunks/8b/8b3cab11ab5e32e9a168464844f1f989745a44d2.js:71:7)
    at doExec (/Applications/CocosCreator/Creator/3.7.3/CocosCreator.app/Contents/Resources/app.asar/node_modules/@editor/lib-programming/static/executor/systemjs-bridge/out/index.js:517:30)
    at postOrderExec (/Applications/CocosCreator/Creator/3.7.3/CocosCreator.app/Contents/Resources/app.asar/node_modules/@editor/lib-programming/static/executor/systemjs-bridge/out/index.js:508:21)
8-20-2023 21:43:12 - warn: [Scene] 'SystemEventType' is deprecated since v3.3.0, please use 'Input.EventType' instead.Error: [Scene] 'SystemEventType' is deprecated since v3.3.0, please use 'Input.EventType' instead.
    at warn (/Applications/CocosCreator/Creator/3.7.3/CocosCreator.app/Contents/Resources/resources/3d/engine/bin/.cache/dev/editor/bundled/index.js:147034:12)
    at warnID (/Applications/CocosCreator/Creator/3.7.3/CocosCreator.app/Contents/Resources/resources/3d/engine/bin/.cache/dev/editor/bundled/index.js:147253:5)
    at _checkObsoleteByName (/Applications/CocosCreator/Creator/3.7.3/CocosCreator.app/Contents/Resources/resources/3d/engine/bin/.cache/dev/editor/bundled/index.js:152510:7)
    at __checkObsolete__ (/Applications/CocosCreator/Creator/3.7.3/CocosCreator.app/Contents/Resources/resources/3d/engine/bin/.cache/dev/editor/bundled/index.js:152530:7)
    at Object.execute (file:///Users/huwenting/Documents/Web3Pink/PinkMCat/temp/programming/packer-driver/targets/editor/chunks/8b/8b3cab11ab5e32e9a168464844f1f989745a44d2.js:71:7)
    at doExec (/Applications/CocosCreator/Creator/3.7.3/CocosCreator.app/Contents/Resources/app.asar/node_modules/@editor/lib-programming/static/executor/systemjs-bridge/out/index.js:517:30)
    at postOrderExec (/Applications/CocosCreator/Creator/3.7.3/CocosCreator.app/Contents/Resources/app.asar/node_modules/@editor/lib-programming/static/executor/systemjs-bridge/out/index.js:508:21)
8-20-2023 21:57:53 - warn: [Scene] 'SystemEventType' is deprecated since v3.3.0, please use 'Input.EventType' instead.Error: [Scene] 'SystemEventType' is deprecated since v3.3.0, please use 'Input.EventType' instead.
    at warn (/Applications/CocosCreator/Creator/3.7.3/CocosCreator.app/Contents/Resources/resources/3d/engine/bin/.cache/dev/editor/bundled/index.js:147034:12)
    at warnID (/Applications/CocosCreator/Creator/3.7.3/CocosCreator.app/Contents/Resources/resources/3d/engine/bin/.cache/dev/editor/bundled/index.js:147253:5)
    at _checkObsoleteByName (/Applications/CocosCreator/Creator/3.7.3/CocosCreator.app/Contents/Resources/resources/3d/engine/bin/.cache/dev/editor/bundled/index.js:152510:7)
    at __checkObsolete__ (/Applications/CocosCreator/Creator/3.7.3/CocosCreator.app/Contents/Resources/resources/3d/engine/bin/.cache/dev/editor/bundled/index.js:152530:7)
    at Object.execute (file:///Users/huwenting/Documents/Web3Pink/PinkMCat/temp/programming/packer-driver/targets/editor/chunks/8b/8b3cab11ab5e32e9a168464844f1f989745a44d2.js:71:7)
    at doExec (/Applications/CocosCreator/Creator/3.7.3/CocosCreator.app/Contents/Resources/app.asar/node_modules/@editor/lib-programming/static/executor/systemjs-bridge/out/index.js:517:30)
    at postOrderExec (/Applications/CocosCreator/Creator/3.7.3/CocosCreator.app/Contents/Resources/app.asar/node_modules/@editor/lib-programming/static/executor/systemjs-bridge/out/index.js:508:21)
